2022-11-09 17:48:28 [scrapy.utils.log] INFO: Scrapy 2.6.2 started (bot: newscrawling)
2022-11-09 17:48:28 [scrapy.utils.log] INFO: Versions: lxml 4.9.1.0, libxml2 2.9.14, cssselect 1.1.0, parsel 1.6.0, w3lib 1.21.0, Twisted 22.2.0, Python 3.9.12 (main, Apr  4 2022, 05:22:27) [MSC v.1916 64 bit (AMD64)], pyOpenSSL 22.0.0 (OpenSSL 1.1.1s  1 Nov 2022), cryptography 37.0.1, Platform Windows-10-10.0.19044-SP0
2022-11-09 17:48:28 [scrapy.crawler] INFO: Overridden settings:
{'BOT_NAME': 'newscrawling',
 'DOWNLOAD_DELAY': 1,
 'LOG_FILE': 'Navernews.log',
 'NEWSPIDER_MODULE': 'newscrawling.spiders',
 'SPIDER_MODULES': ['newscrawling.spiders']}
2022-11-09 17:48:28 [scrapy.utils.log] DEBUG: Using reactor: twisted.internet.selectreactor.SelectReactor
2022-11-09 17:48:28 [scrapy.extensions.telnet] INFO: Telnet Password: 919db63ce3abd1f5
2022-11-09 17:48:29 [scrapy.middleware] INFO: Enabled extensions:
['scrapy.extensions.corestats.CoreStats',
 'scrapy.extensions.telnet.TelnetConsole',
 'scrapy.extensions.logstats.LogStats']
2022-11-09 17:48:30 [scrapy.middleware] INFO: Enabled downloader middlewares:
['scrapy.downloadermiddlewares.httpauth.HttpAuthMiddleware',
 'scrapy.downloadermiddlewares.downloadtimeout.DownloadTimeoutMiddleware',
 'scrapy.downloadermiddlewares.defaultheaders.DefaultHeadersMiddleware',
 'scrapy.downloadermiddlewares.useragent.UserAgentMiddleware',
 'scrapy.downloadermiddlewares.retry.RetryMiddleware',
 'scrapy.downloadermiddlewares.redirect.MetaRefreshMiddleware',
 'scrapy.downloadermiddlewares.httpcompression.HttpCompressionMiddleware',
 'scrapy.downloadermiddlewares.redirect.RedirectMiddleware',
 'scrapy.downloadermiddlewares.cookies.CookiesMiddleware',
 'scrapy.downloadermiddlewares.httpproxy.HttpProxyMiddleware',
 'scrapy.downloadermiddlewares.stats.DownloaderStats']
2022-11-09 17:48:30 [scrapy.middleware] INFO: Enabled spider middlewares:
['scrapy.spidermiddlewares.httperror.HttpErrorMiddleware',
 'scrapy.spidermiddlewares.offsite.OffsiteMiddleware',
 'scrapy.spidermiddlewares.referer.RefererMiddleware',
 'scrapy.spidermiddlewares.urllength.UrlLengthMiddleware',
 'scrapy.spidermiddlewares.depth.DepthMiddleware']
2022-11-09 17:48:30 [scrapy.middleware] INFO: Enabled item pipelines:
['newscrawling.pipelines.CsvPipeline']
2022-11-09 17:48:30 [scrapy.core.engine] INFO: Spider opened
2022-11-09 17:48:31 [scrapy.extensions.logstats] INFO: Crawled 0 pages (at 0 pages/min), scraped 0 items (at 0 items/min)
2022-11-09 17:48:31 [scrapy.extensions.telnet] INFO: Telnet console listening on 127.0.0.1:6023
2022-11-09 17:48:31 [filelock] DEBUG: Attempting to acquire lock 1712577171264 on C:\Users\bin\anaconda3\envs\numble\lib\site-packages\tldextract\.suffix_cache/publicsuffix.org-tlds\de84b5ca2167d4c83e38fb162f2e8738.tldextract.json.lock
2022-11-09 17:48:31 [filelock] DEBUG: Lock 1712577171264 acquired on C:\Users\bin\anaconda3\envs\numble\lib\site-packages\tldextract\.suffix_cache/publicsuffix.org-tlds\de84b5ca2167d4c83e38fb162f2e8738.tldextract.json.lock
2022-11-09 17:48:31 [filelock] DEBUG: Attempting to acquire lock 1712627844432 on C:\Users\bin\anaconda3\envs\numble\lib\site-packages\tldextract\.suffix_cache/urls\62bf135d1c2f3d4db4228b9ecaf507a2.tldextract.json.lock
2022-11-09 17:48:31 [filelock] DEBUG: Lock 1712627844432 acquired on C:\Users\bin\anaconda3\envs\numble\lib\site-packages\tldextract\.suffix_cache/urls\62bf135d1c2f3d4db4228b9ecaf507a2.tldextract.json.lock
2022-11-09 17:48:31 [filelock] DEBUG: Attempting to release lock 1712627844432 on C:\Users\bin\anaconda3\envs\numble\lib\site-packages\tldextract\.suffix_cache/urls\62bf135d1c2f3d4db4228b9ecaf507a2.tldextract.json.lock
2022-11-09 17:48:31 [filelock] DEBUG: Lock 1712627844432 released on C:\Users\bin\anaconda3\envs\numble\lib\site-packages\tldextract\.suffix_cache/urls\62bf135d1c2f3d4db4228b9ecaf507a2.tldextract.json.lock
2022-11-09 17:48:31 [filelock] DEBUG: Attempting to release lock 1712577171264 on C:\Users\bin\anaconda3\envs\numble\lib\site-packages\tldextract\.suffix_cache/publicsuffix.org-tlds\de84b5ca2167d4c83e38fb162f2e8738.tldextract.json.lock
2022-11-09 17:48:31 [filelock] DEBUG: Lock 1712577171264 released on C:\Users\bin\anaconda3\envs\numble\lib\site-packages\tldextract\.suffix_cache/publicsuffix.org-tlds\de84b5ca2167d4c83e38fb162f2e8738.tldextract.json.lock
2022-11-09 17:48:32 [scrapy.core.engine] DEBUG: Crawled (200) <GET https://search.naver.com/search.naver?where=news&sm=tab_pge&query=%22%EC%9A%A9%EC%A7%84%ED%85%8C%ED%81%AC%22&sort=1&photo=0&field=0&pd=3&ds=2021.05.18&de=2022.05.18&mynews=0&office_type=0&office_section_code=0&news_office_checked=&nso=so:dd,p:from20200305to20210305,a:all&start=01> (referer: None)
2022-11-09 17:48:32 [scrapy.core.engine] DEBUG: Crawled (200) <GET https://search.naver.com/search.naver?where=news&sm=tab_pge&query=%22%EC%9A%A9%EC%A7%84%ED%85%8C%ED%81%AC%22&sort=1&photo=0&field=0&pd=3&ds=2021.05.18&de=2022.05.18&mynews=0&office_type=0&office_section_code=0&news_office_checked=&nso=so:dd,p:from20200305to20210305,a:all&start=11> (referer: None)
2022-11-09 17:48:34 [scrapy.core.engine] DEBUG: Crawled (200) <GET https://search.naver.com/search.naver?where=news&sm=tab_pge&query=%22%EC%9A%A9%EC%A7%84%ED%85%8C%ED%81%AC%22&sort=1&photo=0&field=0&pd=3&ds=2021.05.18&de=2022.05.18&mynews=0&office_type=0&office_section_code=0&news_office_checked=&nso=so:dd,p:from20200305to20210305,a:all&start=21> (referer: None)
2022-11-09 17:48:35 [scrapy.core.engine] DEBUG: Crawled (200) <GET https://search.naver.com/search.naver?where=news&sm=tab_pge&query=%22%EC%9A%A9%EC%A7%84%ED%85%8C%ED%81%AC%22&sort=1&photo=0&field=0&pd=3&ds=2021.05.18&de=2022.05.18&mynews=0&office_type=0&office_section_code=0&news_office_checked=&nso=so:dd,p:from20200305to20210305,a:all&start=31> (referer: None)
2022-11-09 17:48:36 [scrapy.core.engine] DEBUG: Crawled (200) <GET https://search.naver.com/search.naver?where=news&sm=tab_pge&query=%22%EC%9A%A9%EC%A7%84%ED%85%8C%ED%81%AC%22&sort=1&photo=0&field=0&pd=3&ds=2021.05.18&de=2022.05.18&mynews=0&office_type=0&office_section_code=0&news_office_checked=&nso=so:dd,p:from20200305to20210305,a:all&start=41> (referer: None)
2022-11-09 17:48:37 [scrapy.core.engine] DEBUG: Crawled (200) <GET https://search.naver.com/search.naver?where=news&sm=tab_pge&query=%22%EC%9A%A9%EC%A7%84%ED%85%8C%ED%81%AC%22&sort=1&photo=0&field=0&pd=3&ds=2021.05.18&de=2022.05.18&mynews=0&office_type=0&office_section_code=0&news_office_checked=&nso=so:dd,p:from20200305to20210305,a:all&start=51> (referer: None)
2022-11-09 17:48:38 [scrapy.core.engine] DEBUG: Crawled (200) <GET https://search.naver.com/search.naver?where=news&sm=tab_pge&query=%22%EC%9A%A9%EC%A7%84%ED%85%8C%ED%81%AC%22&sort=1&photo=0&field=0&pd=3&ds=2021.05.18&de=2022.05.18&mynews=0&office_type=0&office_section_code=0&news_office_checked=&nso=so:dd,p:from20200305to20210305,a:all&start=61> (referer: None)
2022-11-09 17:48:40 [scrapy.core.engine] DEBUG: Crawled (200) <GET https://search.naver.com/search.naver?where=news&sm=tab_pge&query=%22%EC%9A%A9%EC%A7%84%ED%85%8C%ED%81%AC%22&sort=1&photo=0&field=0&pd=3&ds=2021.05.18&de=2022.05.18&mynews=0&office_type=0&office_section_code=0&news_office_checked=&nso=so:dd,p:from20200305to20210305,a:all&start=71> (referer: None)
2022-11-09 17:48:41 [scrapy.core.engine] DEBUG: Crawled (200) <GET https://search.naver.com/search.naver?where=news&sm=tab_pge&query=%22%EC%9A%A9%EC%A7%84%ED%85%8C%ED%81%AC%22&sort=1&photo=0&field=0&pd=3&ds=2021.05.18&de=2022.05.18&mynews=0&office_type=0&office_section_code=0&news_office_checked=&nso=so:dd,p:from20200305to20210305,a:all&start=81> (referer: None)
2022-11-09 17:48:42 [scrapy.core.engine] DEBUG: Crawled (200) <GET https://search.naver.com/search.naver?where=news&sm=tab_pge&query=%22%EC%9A%A9%EC%A7%84%ED%85%8C%ED%81%AC%22&sort=1&photo=0&field=0&pd=3&ds=2021.05.18&de=2022.05.18&mynews=0&office_type=0&office_section_code=0&news_office_checked=&nso=so:dd,p:from20200305to20210305,a:all&start=91> (referer: None)
2022-11-09 17:48:44 [scrapy.core.engine] DEBUG: Crawled (200) <GET https://search.naver.com/search.naver?where=news&sm=tab_pge&query=%22%EC%9A%A9%EC%A7%84%ED%85%8C%ED%81%AC%22&sort=1&photo=0&field=0&pd=3&ds=2021.05.18&de=2022.05.18&mynews=0&office_type=0&office_section_code=0&news_office_checked=&nso=so:dd,p:from20200305to20210305,a:all&start=101> (referer: None)
2022-11-09 17:48:45 [scrapy.core.engine] DEBUG: Crawled (200) <GET https://search.naver.com/search.naver?where=news&sm=tab_pge&query=%22%EC%8B%A0%EA%B5%AC%EA%B1%B4%EC%84%A4%22&sort=1&photo=0&field=0&pd=3&ds=2020.03.19&de=2021.03.19&mynews=0&office_type=0&office_section_code=0&news_office_checked=&nso=so:dd,p:from20200305to20210305,a:all&start=01> (referer: None)
2022-11-09 17:48:45 [scrapy.core.scraper] DEBUG: Scraped from <200 https://search.naver.com/search.naver?where=news&sm=tab_pge&query=%22%EC%8B%A0%EA%B5%AC%EA%B1%B4%EC%84%A4%22&sort=1&photo=0&field=0&pd=3&ds=2020.03.19&de=2021.03.19&mynews=0&office_type=0&office_section_code=0&news_office_checked=&nso=so:dd,p:from20200305to20210305,a:all&start=01>
{'company': '"신구건설"', 'title': "김선목 한국인재개발원 교수 '2021혁신리더 선정'"}
2022-11-09 17:48:45 [scrapy.core.scraper] DEBUG: Scraped from <200 https://search.naver.com/search.naver?where=news&sm=tab_pge&query=%22%EC%8B%A0%EA%B5%AC%EA%B1%B4%EC%84%A4%22&sort=1&photo=0&field=0&pd=3&ds=2020.03.19&de=2021.03.19&mynews=0&office_type=0&office_section_code=0&news_office_checked=&nso=so:dd,p:from20200305to20210305,a:all&start=01>
{'company': '"신구건설"', 'title': '전인대를 통해 본 중국경제... 소비확대.대외개방에 방점'}
2022-11-09 17:48:45 [scrapy.core.scraper] DEBUG: Scraped from <200 https://search.naver.com/search.naver?where=news&sm=tab_pge&query=%22%EC%8B%A0%EA%B5%AC%EA%B1%B4%EC%84%A4%22&sort=1&photo=0&field=0&pd=3&ds=2020.03.19&de=2021.03.19&mynews=0&office_type=0&office_section_code=0&news_office_checked=&nso=so:dd,p:from20200305to20210305,a:all&start=01>
{'company': '"신구건설"', 'title': '삼화건설, 신구건설로 사명 변경'}
2022-11-09 17:48:45 [scrapy.core.scraper] DEBUG: Scraped from <200 https://search.naver.com/search.naver?where=news&sm=tab_pge&query=%22%EC%8B%A0%EA%B5%AC%EA%B1%B4%EC%84%A4%22&sort=1&photo=0&field=0&pd=3&ds=2020.03.19&de=2021.03.19&mynews=0&office_type=0&office_section_code=0&news_office_checked=&nso=so:dd,p:from20200305to20210305,a:all&start=01>
{'company': '"신구건설"', 'title': '중국, 베이징·상하이 등 광역경제권 중심 투자 확대'}
2022-11-09 17:48:45 [scrapy.core.scraper] DEBUG: Scraped from <200 https://search.naver.com/search.naver?where=news&sm=tab_pge&query=%22%EC%8B%A0%EA%B5%AC%EA%B1%B4%EC%84%A4%22&sort=1&photo=0&field=0&pd=3&ds=2020.03.19&de=2021.03.19&mynews=0&office_type=0&office_section_code=0&news_office_checked=&nso=so:dd,p:from20200305to20210305,a:all&start=01>
{'company': '"신구건설"', 'title': '[亞증시-종합] 경기 회복 기대로 일제히 상승'}
2022-11-09 17:48:45 [scrapy.core.scraper] DEBUG: Scraped from <200 https://search.naver.com/search.naver?where=news&sm=tab_pge&query=%22%EC%8B%A0%EA%B5%AC%EA%B1%B4%EC%84%A4%22&sort=1&photo=0&field=0&pd=3&ds=2020.03.19&de=2021.03.19&mynews=0&office_type=0&office_section_code=0&news_office_checked=&nso=so:dd,p:from20200305to20210305,a:all&start=01>
{'company': '"신구건설"', 'title': '[중국증시-마감] 인민은행 경기부양책에 소폭 상승'}
2022-11-09 17:48:45 [scrapy.core.scraper] DEBUG: Scraped from <200 https://search.naver.com/search.naver?where=news&sm=tab_pge&query=%22%EC%8B%A0%EA%B5%AC%EA%B1%B4%EC%84%A4%22&sort=1&photo=0&field=0&pd=3&ds=2020.03.19&de=2021.03.19&mynews=0&office_type=0&office_section_code=0&news_office_checked=&nso=so:dd,p:from20200305to20210305,a:all&start=01>
{'company': '"신구건설"', 'title': "'홍콩 대신 하이난'...中, 하이난에 자유무역항 건설"}
2022-11-09 17:48:45 [scrapy.core.scraper] DEBUG: Scraped from <200 https://search.naver.com/search.naver?where=news&sm=tab_pge&query=%22%EC%8B%A0%EA%B5%AC%EA%B1%B4%EC%84%A4%22&sort=1&photo=0&field=0&pd=3&ds=2020.03.19&de=2021.03.19&mynews=0&office_type=0&office_section_code=0&news_office_checked=&nso=so:dd,p:from20200305to20210305,a:all&start=01>
{'company': '"신구건설"', 'title': '中증시, 미·중 무역 갈등 속 강보합'}
2022-11-09 17:48:45 [scrapy.core.scraper] DEBUG: Scraped from <200 https://search.naver.com/search.naver?where=news&sm=tab_pge&query=%22%EC%8B%A0%EA%B5%AC%EA%B1%B4%EC%84%A4%22&sort=1&photo=0&field=0&pd=3&ds=2020.03.19&de=2021.03.19&mynews=0&office_type=0&office_section_code=0&news_office_checked=&nso=so:dd,p:from20200305to20210305,a:all&start=01>
{'company': '"신구건설"', 'title': '하이난, 홍콩 대안으로 부상…자유무역항 건설 계획 발표'}
2022-11-09 17:48:45 [scrapy.core.scraper] DEBUG: Scraped from <200 https://search.naver.com/search.naver?where=news&sm=tab_pge&query=%22%EC%8B%A0%EA%B5%AC%EA%B1%B4%EC%84%A4%22&sort=1&photo=0&field=0&pd=3&ds=2020.03.19&de=2021.03.19&mynews=0&office_type=0&office_section_code=0&news_office_checked=&nso=so:dd,p:from20200305to20210305,a:all&start=01>
{'company': '"신구건설"', 'title': "[특파원스페셜]中 지방정치 '치링허우' 젊은피가 뜬다"}
2022-11-09 17:48:47 [scrapy.core.engine] DEBUG: Crawled (200) <GET https://search.naver.com/search.naver?where=news&sm=tab_pge&query=%22%EC%8B%A0%EA%B5%AC%EA%B1%B4%EC%84%A4%22&sort=1&photo=0&field=0&pd=3&ds=2020.03.19&de=2021.03.19&mynews=0&office_type=0&office_section_code=0&news_office_checked=&nso=so:dd,p:from20200305to20210305,a:all&start=11> (referer: None)
2022-11-09 17:48:48 [scrapy.core.engine] DEBUG: Crawled (200) <GET https://search.naver.com/search.naver?where=news&sm=tab_pge&query=%22%EC%8B%A0%EA%B5%AC%EA%B1%B4%EC%84%A4%22&sort=1&photo=0&field=0&pd=3&ds=2020.03.19&de=2021.03.19&mynews=0&office_type=0&office_section_code=0&news_office_checked=&nso=so:dd,p:from20200305to20210305,a:all&start=21> (referer: None)
2022-11-09 17:48:49 [scrapy.crawler] INFO: Received SIGINT, shutting down gracefully. Send again to force 
2022-11-09 17:48:49 [scrapy.core.engine] INFO: Closing spider (shutdown)
2022-11-09 17:48:49 [scrapy.core.engine] DEBUG: Crawled (200) <GET https://search.naver.com/search.naver?where=news&sm=tab_pge&query=%22%EC%8B%A0%EA%B5%AC%EA%B1%B4%EC%84%A4%22&sort=1&photo=0&field=0&pd=3&ds=2020.03.19&de=2021.03.19&mynews=0&office_type=0&office_section_code=0&news_office_checked=&nso=so:dd,p:from20200305to20210305,a:all&start=31> (referer: None)
2022-11-09 17:48:50 [scrapy.core.engine] DEBUG: Crawled (200) <GET https://search.naver.com/search.naver?where=news&sm=tab_pge&query=%22%EC%8B%A0%EA%B5%AC%EA%B1%B4%EC%84%A4%22&sort=1&photo=0&field=0&pd=3&ds=2020.03.19&de=2021.03.19&mynews=0&office_type=0&office_section_code=0&news_office_checked=&nso=so:dd,p:from20200305to20210305,a:all&start=41> (referer: None)
2022-11-09 17:48:52 [scrapy.core.engine] DEBUG: Crawled (200) <GET https://search.naver.com/search.naver?where=news&sm=tab_pge&query=%22%EC%8B%A0%EA%B5%AC%EA%B1%B4%EC%84%A4%22&sort=1&photo=0&field=0&pd=3&ds=2020.03.19&de=2021.03.19&mynews=0&office_type=0&office_section_code=0&news_office_checked=&nso=so:dd,p:from20200305to20210305,a:all&start=51> (referer: None)
2022-11-09 17:48:53 [scrapy.core.engine] DEBUG: Crawled (200) <GET https://search.naver.com/search.naver?where=news&sm=tab_pge&query=%22%EC%8B%A0%EA%B5%AC%EA%B1%B4%EC%84%A4%22&sort=1&photo=0&field=0&pd=3&ds=2020.03.19&de=2021.03.19&mynews=0&office_type=0&office_section_code=0&news_office_checked=&nso=so:dd,p:from20200305to20210305,a:all&start=61> (referer: None)
2022-11-09 17:48:54 [scrapy.core.engine] DEBUG: Crawled (200) <GET https://search.naver.com/search.naver?where=news&sm=tab_pge&query=%22%EC%8B%A0%EA%B5%AC%EA%B1%B4%EC%84%A4%22&sort=1&photo=0&field=0&pd=3&ds=2020.03.19&de=2021.03.19&mynews=0&office_type=0&office_section_code=0&news_office_checked=&nso=so:dd,p:from20200305to20210305,a:all&start=71> (referer: None)
2022-11-09 17:48:56 [scrapy.core.engine] DEBUG: Crawled (200) <GET https://search.naver.com/search.naver?where=news&sm=tab_pge&query=%22%EC%8B%A0%EA%B5%AC%EA%B1%B4%EC%84%A4%22&sort=1&photo=0&field=0&pd=3&ds=2020.03.19&de=2021.03.19&mynews=0&office_type=0&office_section_code=0&news_office_checked=&nso=so:dd,p:from20200305to20210305,a:all&start=81> (referer: None)
2022-11-09 17:48:57 [scrapy.core.engine] DEBUG: Crawled (200) <GET https://search.naver.com/search.naver?where=news&sm=tab_pge&query=%22%EC%8B%A0%EA%B5%AC%EA%B1%B4%EC%84%A4%22&sort=1&photo=0&field=0&pd=3&ds=2020.03.19&de=2021.03.19&mynews=0&office_type=0&office_section_code=0&news_office_checked=&nso=so:dd,p:from20200305to20210305,a:all&start=91> (referer: None)
2022-11-09 17:48:58 [scrapy.core.engine] DEBUG: Crawled (200) <GET https://search.naver.com/search.naver?where=news&sm=tab_pge&query=%22%EC%8B%A0%EA%B5%AC%EA%B1%B4%EC%84%A4%22&sort=1&photo=0&field=0&pd=3&ds=2020.03.19&de=2021.03.19&mynews=0&office_type=0&office_section_code=0&news_office_checked=&nso=so:dd,p:from20200305to20210305,a:all&start=101> (referer: None)
2022-11-09 17:48:59 [scrapy.core.engine] DEBUG: Crawled (200) <GET https://search.naver.com/search.naver?where=news&sm=tab_pge&query=%22%EC%84%9D%EC%A0%95%EB%AF%B8%EB%94%94%EC%96%B4%22&sort=1&photo=0&field=0&pd=3&ds=2018.12.13&de=2019.12.13&mynews=0&office_type=0&office_section_code=0&news_office_checked=&nso=so:dd,p:from20200305to20210305,a:all&start=01> (referer: None)
2022-11-09 20:03:31 [scrapy.utils.log] INFO: Scrapy 2.6.2 started (bot: newscrawling)
2022-11-09 20:03:31 [scrapy.utils.log] INFO: Versions: lxml 4.9.1.0, libxml2 2.9.14, cssselect 1.1.0, parsel 1.6.0, w3lib 1.21.0, Twisted 22.2.0, Python 3.9.12 (main, Apr  4 2022, 05:22:27) [MSC v.1916 64 bit (AMD64)], pyOpenSSL 22.0.0 (OpenSSL 1.1.1s  1 Nov 2022), cryptography 37.0.1, Platform Windows-10-10.0.19044-SP0
2022-11-09 20:03:44 [scrapy.utils.log] INFO: Scrapy 2.6.2 started (bot: newscrawling)
2022-11-09 20:03:44 [scrapy.utils.log] INFO: Versions: lxml 4.9.1.0, libxml2 2.9.14, cssselect 1.1.0, parsel 1.6.0, w3lib 1.21.0, Twisted 22.2.0, Python 3.9.12 (main, Apr  4 2022, 05:22:27) [MSC v.1916 64 bit (AMD64)], pyOpenSSL 22.0.0 (OpenSSL 1.1.1s  1 Nov 2022), cryptography 37.0.1, Platform Windows-10-10.0.19044-SP0
2022-11-09 20:03:44 [scrapy.crawler] INFO: Overridden settings:
{'BOT_NAME': 'newscrawling',
 'DOWNLOAD_DELAY': 1,
 'LOG_FILE': 'Navernews.log',
 'NEWSPIDER_MODULE': 'newscrawling.spiders',
 'SPIDER_MODULES': ['newscrawling.spiders']}
2022-11-09 20:03:44 [scrapy.utils.log] DEBUG: Using reactor: twisted.internet.selectreactor.SelectReactor
2022-11-09 20:03:44 [scrapy.extensions.telnet] INFO: Telnet Password: 24308c4abe57e53b
2022-11-09 20:03:44 [scrapy.middleware] INFO: Enabled extensions:
['scrapy.extensions.corestats.CoreStats',
 'scrapy.extensions.telnet.TelnetConsole',
 'scrapy.extensions.logstats.LogStats']
2022-11-09 20:03:45 [scrapy.middleware] INFO: Enabled downloader middlewares:
['scrapy.downloadermiddlewares.httpauth.HttpAuthMiddleware',
 'scrapy.downloadermiddlewares.downloadtimeout.DownloadTimeoutMiddleware',
 'scrapy.downloadermiddlewares.defaultheaders.DefaultHeadersMiddleware',
 'scrapy.downloadermiddlewares.useragent.UserAgentMiddleware',
 'scrapy.downloadermiddlewares.retry.RetryMiddleware',
 'scrapy.downloadermiddlewares.redirect.MetaRefreshMiddleware',
 'scrapy.downloadermiddlewares.httpcompression.HttpCompressionMiddleware',
 'scrapy.downloadermiddlewares.redirect.RedirectMiddleware',
 'scrapy.downloadermiddlewares.cookies.CookiesMiddleware',
 'scrapy.downloadermiddlewares.httpproxy.HttpProxyMiddleware',
 'scrapy.downloadermiddlewares.stats.DownloaderStats']
2022-11-09 20:03:46 [scrapy.middleware] INFO: Enabled spider middlewares:
['scrapy.spidermiddlewares.httperror.HttpErrorMiddleware',
 'scrapy.spidermiddlewares.offsite.OffsiteMiddleware',
 'scrapy.spidermiddlewares.referer.RefererMiddleware',
 'scrapy.spidermiddlewares.urllength.UrlLengthMiddleware',
 'scrapy.spidermiddlewares.depth.DepthMiddleware']
2022-11-09 20:03:46 [scrapy.middleware] INFO: Enabled item pipelines:
['newscrawling.pipelines.CsvPipeline']
2022-11-09 20:03:46 [scrapy.core.engine] INFO: Spider opened
2022-11-09 20:03:46 [scrapy.extensions.logstats] INFO: Crawled 0 pages (at 0 pages/min), scraped 0 items (at 0 items/min)
2022-11-09 20:03:46 [scrapy.extensions.telnet] INFO: Telnet console listening on 127.0.0.1:6023
2022-11-09 20:03:47 [filelock] DEBUG: Attempting to acquire lock 1994607873232 on C:\Users\bin\anaconda3\envs\numble\lib\site-packages\tldextract\.suffix_cache/publicsuffix.org-tlds\de84b5ca2167d4c83e38fb162f2e8738.tldextract.json.lock
2022-11-09 20:03:47 [filelock] DEBUG: Lock 1994607873232 acquired on C:\Users\bin\anaconda3\envs\numble\lib\site-packages\tldextract\.suffix_cache/publicsuffix.org-tlds\de84b5ca2167d4c83e38fb162f2e8738.tldextract.json.lock
2022-11-09 20:03:47 [filelock] DEBUG: Attempting to acquire lock 1994658554592 on C:\Users\bin\anaconda3\envs\numble\lib\site-packages\tldextract\.suffix_cache/urls\62bf135d1c2f3d4db4228b9ecaf507a2.tldextract.json.lock
2022-11-09 20:03:47 [filelock] DEBUG: Lock 1994658554592 acquired on C:\Users\bin\anaconda3\envs\numble\lib\site-packages\tldextract\.suffix_cache/urls\62bf135d1c2f3d4db4228b9ecaf507a2.tldextract.json.lock
2022-11-09 20:03:47 [filelock] DEBUG: Attempting to release lock 1994658554592 on C:\Users\bin\anaconda3\envs\numble\lib\site-packages\tldextract\.suffix_cache/urls\62bf135d1c2f3d4db4228b9ecaf507a2.tldextract.json.lock
2022-11-09 20:03:47 [filelock] DEBUG: Lock 1994658554592 released on C:\Users\bin\anaconda3\envs\numble\lib\site-packages\tldextract\.suffix_cache/urls\62bf135d1c2f3d4db4228b9ecaf507a2.tldextract.json.lock
2022-11-09 20:03:47 [filelock] DEBUG: Attempting to release lock 1994607873232 on C:\Users\bin\anaconda3\envs\numble\lib\site-packages\tldextract\.suffix_cache/publicsuffix.org-tlds\de84b5ca2167d4c83e38fb162f2e8738.tldextract.json.lock
2022-11-09 20:03:47 [filelock] DEBUG: Lock 1994607873232 released on C:\Users\bin\anaconda3\envs\numble\lib\site-packages\tldextract\.suffix_cache/publicsuffix.org-tlds\de84b5ca2167d4c83e38fb162f2e8738.tldextract.json.lock
2022-11-09 20:03:47 [scrapy.core.engine] DEBUG: Crawled (200) <GET https://search.naver.com/search.naver?where=news&sm=tab_pge&query=%22%EC%9A%A9%EC%A7%84%ED%85%8C%ED%81%AC%22&sort=1&photo=0&field=0&pd=3&ds=2021.05.18&de=2022.05.18&mynews=0&office_type=0&office_section_code=0&news_office_checked=&nso=so:dd,p:from20200305to20210305,a:all&start=01> (referer: None)
2022-11-09 20:03:48 [scrapy.core.engine] DEBUG: Crawled (200) <GET https://search.naver.com/search.naver?where=news&sm=tab_pge&query=%22%EC%9A%A9%EC%A7%84%ED%85%8C%ED%81%AC%22&sort=1&photo=0&field=0&pd=3&ds=2021.05.18&de=2022.05.18&mynews=0&office_type=0&office_section_code=0&news_office_checked=&nso=so:dd,p:from20200305to20210305,a:all&start=11> (referer: None)
2022-11-09 20:03:50 [scrapy.core.engine] DEBUG: Crawled (200) <GET https://search.naver.com/search.naver?where=news&sm=tab_pge&query=%22%EC%9A%A9%EC%A7%84%ED%85%8C%ED%81%AC%22&sort=1&photo=0&field=0&pd=3&ds=2021.05.18&de=2022.05.18&mynews=0&office_type=0&office_section_code=0&news_office_checked=&nso=so:dd,p:from20200305to20210305,a:all&start=21> (referer: None)
2022-11-09 20:03:51 [scrapy.core.engine] DEBUG: Crawled (200) <GET https://search.naver.com/search.naver?where=news&sm=tab_pge&query=%22%EC%9A%A9%EC%A7%84%ED%85%8C%ED%81%AC%22&sort=1&photo=0&field=0&pd=3&ds=2021.05.18&de=2022.05.18&mynews=0&office_type=0&office_section_code=0&news_office_checked=&nso=so:dd,p:from20200305to20210305,a:all&start=31> (referer: None)
2022-11-09 20:03:52 [scrapy.core.engine] DEBUG: Crawled (200) <GET https://search.naver.com/search.naver?where=news&sm=tab_pge&query=%22%EC%9A%A9%EC%A7%84%ED%85%8C%ED%81%AC%22&sort=1&photo=0&field=0&pd=3&ds=2021.05.18&de=2022.05.18&mynews=0&office_type=0&office_section_code=0&news_office_checked=&nso=so:dd,p:from20200305to20210305,a:all&start=41> (referer: None)
2022-11-09 20:03:53 [scrapy.core.engine] DEBUG: Crawled (200) <GET https://search.naver.com/search.naver?where=news&sm=tab_pge&query=%22%EC%9A%A9%EC%A7%84%ED%85%8C%ED%81%AC%22&sort=1&photo=0&field=0&pd=3&ds=2021.05.18&de=2022.05.18&mynews=0&office_type=0&office_section_code=0&news_office_checked=&nso=so:dd,p:from20200305to20210305,a:all&start=51> (referer: None)
2022-11-09 20:03:54 [scrapy.core.engine] DEBUG: Crawled (200) <GET https://search.naver.com/search.naver?where=news&sm=tab_pge&query=%22%EC%9A%A9%EC%A7%84%ED%85%8C%ED%81%AC%22&sort=1&photo=0&field=0&pd=3&ds=2021.05.18&de=2022.05.18&mynews=0&office_type=0&office_section_code=0&news_office_checked=&nso=so:dd,p:from20200305to20210305,a:all&start=61> (referer: None)
2022-11-09 20:03:55 [scrapy.core.engine] DEBUG: Crawled (200) <GET https://search.naver.com/search.naver?where=news&sm=tab_pge&query=%22%EC%9A%A9%EC%A7%84%ED%85%8C%ED%81%AC%22&sort=1&photo=0&field=0&pd=3&ds=2021.05.18&de=2022.05.18&mynews=0&office_type=0&office_section_code=0&news_office_checked=&nso=so:dd,p:from20200305to20210305,a:all&start=71> (referer: None)
2022-11-09 20:03:56 [scrapy.core.engine] DEBUG: Crawled (200) <GET https://search.naver.com/search.naver?where=news&sm=tab_pge&query=%22%EC%9A%A9%EC%A7%84%ED%85%8C%ED%81%AC%22&sort=1&photo=0&field=0&pd=3&ds=2021.05.18&de=2022.05.18&mynews=0&office_type=0&office_section_code=0&news_office_checked=&nso=so:dd,p:from20200305to20210305,a:all&start=81> (referer: None)
2022-11-09 20:03:58 [scrapy.core.engine] DEBUG: Crawled (200) <GET https://search.naver.com/search.naver?where=news&sm=tab_pge&query=%22%EC%9A%A9%EC%A7%84%ED%85%8C%ED%81%AC%22&sort=1&photo=0&field=0&pd=3&ds=2021.05.18&de=2022.05.18&mynews=0&office_type=0&office_section_code=0&news_office_checked=&nso=so:dd,p:from20200305to20210305,a:all&start=91> (referer: None)
2022-11-09 20:03:59 [scrapy.core.engine] DEBUG: Crawled (200) <GET https://search.naver.com/search.naver?where=news&sm=tab_pge&query=%22%EC%9A%A9%EC%A7%84%ED%85%8C%ED%81%AC%22&sort=1&photo=0&field=0&pd=3&ds=2021.05.18&de=2022.05.18&mynews=0&office_type=0&office_section_code=0&news_office_checked=&nso=so:dd,p:from20200305to20210305,a:all&start=101> (referer: None)
2022-11-09 20:04:00 [scrapy.core.engine] DEBUG: Crawled (200) <GET https://search.naver.com/search.naver?where=news&sm=tab_pge&query=%22%EC%8B%A0%EA%B5%AC%EA%B1%B4%EC%84%A4%22&sort=1&photo=0&field=0&pd=3&ds=2020.03.19&de=2021.03.19&mynews=0&office_type=0&office_section_code=0&news_office_checked=&nso=so:dd,p:from20200305to20210305,a:all&start=01> (referer: None)
2022-11-09 20:04:00 [scrapy.core.scraper] DEBUG: Scraped from <200 https://search.naver.com/search.naver?where=news&sm=tab_pge&query=%22%EC%8B%A0%EA%B5%AC%EA%B1%B4%EC%84%A4%22&sort=1&photo=0&field=0&pd=3&ds=2020.03.19&de=2021.03.19&mynews=0&office_type=0&office_section_code=0&news_office_checked=&nso=so:dd,p:from20200305to20210305,a:all&start=01>
{'company': '"신구건설"', 'title': "김선목 한국인재개발원 교수 '2021혁신리더 선정'"}
2022-11-09 20:04:00 [scrapy.core.scraper] DEBUG: Scraped from <200 https://search.naver.com/search.naver?where=news&sm=tab_pge&query=%22%EC%8B%A0%EA%B5%AC%EA%B1%B4%EC%84%A4%22&sort=1&photo=0&field=0&pd=3&ds=2020.03.19&de=2021.03.19&mynews=0&office_type=0&office_section_code=0&news_office_checked=&nso=so:dd,p:from20200305to20210305,a:all&start=01>
{'company': '"신구건설"', 'title': '전인대를 통해 본 중국경제... 소비확대.대외개방에 방점'}
2022-11-09 20:04:00 [scrapy.core.scraper] DEBUG: Scraped from <200 https://search.naver.com/search.naver?where=news&sm=tab_pge&query=%22%EC%8B%A0%EA%B5%AC%EA%B1%B4%EC%84%A4%22&sort=1&photo=0&field=0&pd=3&ds=2020.03.19&de=2021.03.19&mynews=0&office_type=0&office_section_code=0&news_office_checked=&nso=so:dd,p:from20200305to20210305,a:all&start=01>
{'company': '"신구건설"', 'title': '삼화건설, 신구건설로 사명 변경'}
2022-11-09 20:04:00 [scrapy.core.scraper] DEBUG: Scraped from <200 https://search.naver.com/search.naver?where=news&sm=tab_pge&query=%22%EC%8B%A0%EA%B5%AC%EA%B1%B4%EC%84%A4%22&sort=1&photo=0&field=0&pd=3&ds=2020.03.19&de=2021.03.19&mynews=0&office_type=0&office_section_code=0&news_office_checked=&nso=so:dd,p:from20200305to20210305,a:all&start=01>
{'company': '"신구건설"', 'title': '중국, 베이징·상하이 등 광역경제권 중심 투자 확대'}
2022-11-09 20:04:00 [scrapy.core.scraper] DEBUG: Scraped from <200 https://search.naver.com/search.naver?where=news&sm=tab_pge&query=%22%EC%8B%A0%EA%B5%AC%EA%B1%B4%EC%84%A4%22&sort=1&photo=0&field=0&pd=3&ds=2020.03.19&de=2021.03.19&mynews=0&office_type=0&office_section_code=0&news_office_checked=&nso=so:dd,p:from20200305to20210305,a:all&start=01>
{'company': '"신구건설"', 'title': '[亞증시-종합] 경기 회복 기대로 일제히 상승'}
2022-11-09 20:04:00 [scrapy.core.scraper] DEBUG: Scraped from <200 https://search.naver.com/search.naver?where=news&sm=tab_pge&query=%22%EC%8B%A0%EA%B5%AC%EA%B1%B4%EC%84%A4%22&sort=1&photo=0&field=0&pd=3&ds=2020.03.19&de=2021.03.19&mynews=0&office_type=0&office_section_code=0&news_office_checked=&nso=so:dd,p:from20200305to20210305,a:all&start=01>
{'company': '"신구건설"', 'title': '[중국증시-마감] 인민은행 경기부양책에 소폭 상승'}
2022-11-09 20:04:00 [scrapy.core.scraper] DEBUG: Scraped from <200 https://search.naver.com/search.naver?where=news&sm=tab_pge&query=%22%EC%8B%A0%EA%B5%AC%EA%B1%B4%EC%84%A4%22&sort=1&photo=0&field=0&pd=3&ds=2020.03.19&de=2021.03.19&mynews=0&office_type=0&office_section_code=0&news_office_checked=&nso=so:dd,p:from20200305to20210305,a:all&start=01>
{'company': '"신구건설"', 'title': "'홍콩 대신 하이난'...中, 하이난에 자유무역항 건설"}
2022-11-09 20:04:00 [scrapy.core.scraper] DEBUG: Scraped from <200 https://search.naver.com/search.naver?where=news&sm=tab_pge&query=%22%EC%8B%A0%EA%B5%AC%EA%B1%B4%EC%84%A4%22&sort=1&photo=0&field=0&pd=3&ds=2020.03.19&de=2021.03.19&mynews=0&office_type=0&office_section_code=0&news_office_checked=&nso=so:dd,p:from20200305to20210305,a:all&start=01>
{'company': '"신구건설"', 'title': '中증시, 미·중 무역 갈등 속 강보합'}
2022-11-09 20:04:00 [scrapy.core.scraper] DEBUG: Scraped from <200 https://search.naver.com/search.naver?where=news&sm=tab_pge&query=%22%EC%8B%A0%EA%B5%AC%EA%B1%B4%EC%84%A4%22&sort=1&photo=0&field=0&pd=3&ds=2020.03.19&de=2021.03.19&mynews=0&office_type=0&office_section_code=0&news_office_checked=&nso=so:dd,p:from20200305to20210305,a:all&start=01>
{'company': '"신구건설"', 'title': '하이난, 홍콩 대안으로 부상…자유무역항 건설 계획 발표'}
2022-11-09 20:04:00 [scrapy.core.scraper] DEBUG: Scraped from <200 https://search.naver.com/search.naver?where=news&sm=tab_pge&query=%22%EC%8B%A0%EA%B5%AC%EA%B1%B4%EC%84%A4%22&sort=1&photo=0&field=0&pd=3&ds=2020.03.19&de=2021.03.19&mynews=0&office_type=0&office_section_code=0&news_office_checked=&nso=so:dd,p:from20200305to20210305,a:all&start=01>
{'company': '"신구건설"', 'title': "[특파원스페셜]中 지방정치 '치링허우' 젊은피가 뜬다"}
2022-11-09 20:04:01 [scrapy.core.engine] DEBUG: Crawled (200) <GET https://search.naver.com/search.naver?where=news&sm=tab_pge&query=%22%EC%8B%A0%EA%B5%AC%EA%B1%B4%EC%84%A4%22&sort=1&photo=0&field=0&pd=3&ds=2020.03.19&de=2021.03.19&mynews=0&office_type=0&office_section_code=0&news_office_checked=&nso=so:dd,p:from20200305to20210305,a:all&start=11> (referer: None)
2022-11-09 20:04:03 [scrapy.core.engine] DEBUG: Crawled (200) <GET https://search.naver.com/search.naver?where=news&sm=tab_pge&query=%22%EC%8B%A0%EA%B5%AC%EA%B1%B4%EC%84%A4%22&sort=1&photo=0&field=0&pd=3&ds=2020.03.19&de=2021.03.19&mynews=0&office_type=0&office_section_code=0&news_office_checked=&nso=so:dd,p:from20200305to20210305,a:all&start=21> (referer: None)
2022-11-09 20:04:04 [scrapy.core.engine] DEBUG: Crawled (200) <GET https://search.naver.com/search.naver?where=news&sm=tab_pge&query=%22%EC%8B%A0%EA%B5%AC%EA%B1%B4%EC%84%A4%22&sort=1&photo=0&field=0&pd=3&ds=2020.03.19&de=2021.03.19&mynews=0&office_type=0&office_section_code=0&news_office_checked=&nso=so:dd,p:from20200305to20210305,a:all&start=31> (referer: None)
2022-11-09 20:04:06 [scrapy.core.engine] DEBUG: Crawled (200) <GET https://search.naver.com/search.naver?where=news&sm=tab_pge&query=%22%EC%8B%A0%EA%B5%AC%EA%B1%B4%EC%84%A4%22&sort=1&photo=0&field=0&pd=3&ds=2020.03.19&de=2021.03.19&mynews=0&office_type=0&office_section_code=0&news_office_checked=&nso=so:dd,p:from20200305to20210305,a:all&start=41> (referer: None)
2022-11-09 20:04:07 [scrapy.core.engine] DEBUG: Crawled (200) <GET https://search.naver.com/search.naver?where=news&sm=tab_pge&query=%22%EC%8B%A0%EA%B5%AC%EA%B1%B4%EC%84%A4%22&sort=1&photo=0&field=0&pd=3&ds=2020.03.19&de=2021.03.19&mynews=0&office_type=0&office_section_code=0&news_office_checked=&nso=so:dd,p:from20200305to20210305,a:all&start=51> (referer: None)
2022-11-09 20:04:08 [scrapy.core.engine] DEBUG: Crawled (200) <GET https://search.naver.com/search.naver?where=news&sm=tab_pge&query=%22%EC%8B%A0%EA%B5%AC%EA%B1%B4%EC%84%A4%22&sort=1&photo=0&field=0&pd=3&ds=2020.03.19&de=2021.03.19&mynews=0&office_type=0&office_section_code=0&news_office_checked=&nso=so:dd,p:from20200305to20210305,a:all&start=61> (referer: None)
2022-11-09 20:04:09 [scrapy.core.engine] DEBUG: Crawled (200) <GET https://search.naver.com/search.naver?where=news&sm=tab_pge&query=%22%EC%8B%A0%EA%B5%AC%EA%B1%B4%EC%84%A4%22&sort=1&photo=0&field=0&pd=3&ds=2020.03.19&de=2021.03.19&mynews=0&office_type=0&office_section_code=0&news_office_checked=&nso=so:dd,p:from20200305to20210305,a:all&start=71> (referer: None)
2022-11-09 20:04:10 [scrapy.core.engine] DEBUG: Crawled (200) <GET https://search.naver.com/search.naver?where=news&sm=tab_pge&query=%22%EC%8B%A0%EA%B5%AC%EA%B1%B4%EC%84%A4%22&sort=1&photo=0&field=0&pd=3&ds=2020.03.19&de=2021.03.19&mynews=0&office_type=0&office_section_code=0&news_office_checked=&nso=so:dd,p:from20200305to20210305,a:all&start=81> (referer: None)
2022-11-09 20:04:11 [scrapy.core.engine] DEBUG: Crawled (200) <GET https://search.naver.com/search.naver?where=news&sm=tab_pge&query=%22%EC%8B%A0%EA%B5%AC%EA%B1%B4%EC%84%A4%22&sort=1&photo=0&field=0&pd=3&ds=2020.03.19&de=2021.03.19&mynews=0&office_type=0&office_section_code=0&news_office_checked=&nso=so:dd,p:from20200305to20210305,a:all&start=91> (referer: None)
2022-11-09 20:04:12 [scrapy.core.engine] DEBUG: Crawled (200) <GET https://search.naver.com/search.naver?where=news&sm=tab_pge&query=%22%EC%8B%A0%EA%B5%AC%EA%B1%B4%EC%84%A4%22&sort=1&photo=0&field=0&pd=3&ds=2020.03.19&de=2021.03.19&mynews=0&office_type=0&office_section_code=0&news_office_checked=&nso=so:dd,p:from20200305to20210305,a:all&start=101> (referer: None)
2022-11-09 20:04:14 [scrapy.core.engine] DEBUG: Crawled (200) <GET https://search.naver.com/search.naver?where=news&sm=tab_pge&query=%22%EC%84%9D%EC%A0%95%EB%AF%B8%EB%94%94%EC%96%B4%22&sort=1&photo=0&field=0&pd=3&ds=2018.12.13&de=2019.12.13&mynews=0&office_type=0&office_section_code=0&news_office_checked=&nso=so:dd,p:from20200305to20210305,a:all&start=01> (referer: None)
2022-11-09 20:04:15 [scrapy.core.engine] DEBUG: Crawled (200) <GET https://search.naver.com/search.naver?where=news&sm=tab_pge&query=%22%EC%84%9D%EC%A0%95%EB%AF%B8%EB%94%94%EC%96%B4%22&sort=1&photo=0&field=0&pd=3&ds=2018.12.13&de=2019.12.13&mynews=0&office_type=0&office_section_code=0&news_office_checked=&nso=so:dd,p:from20200305to20210305,a:all&start=11> (referer: None)
2022-11-09 20:04:16 [scrapy.core.engine] DEBUG: Crawled (200) <GET https://search.naver.com/search.naver?where=news&sm=tab_pge&query=%22%EC%84%9D%EC%A0%95%EB%AF%B8%EB%94%94%EC%96%B4%22&sort=1&photo=0&field=0&pd=3&ds=2018.12.13&de=2019.12.13&mynews=0&office_type=0&office_section_code=0&news_office_checked=&nso=so:dd,p:from20200305to20210305,a:all&start=21> (referer: None)
2022-11-09 20:04:17 [scrapy.core.engine] DEBUG: Crawled (200) <GET https://search.naver.com/search.naver?where=news&sm=tab_pge&query=%22%EC%84%9D%EC%A0%95%EB%AF%B8%EB%94%94%EC%96%B4%22&sort=1&photo=0&field=0&pd=3&ds=2018.12.13&de=2019.12.13&mynews=0&office_type=0&office_section_code=0&news_office_checked=&nso=so:dd,p:from20200305to20210305,a:all&start=31> (referer: None)
2022-11-09 20:04:18 [scrapy.core.engine] DEBUG: Crawled (200) <GET https://search.naver.com/search.naver?where=news&sm=tab_pge&query=%22%EC%84%9D%EC%A0%95%EB%AF%B8%EB%94%94%EC%96%B4%22&sort=1&photo=0&field=0&pd=3&ds=2018.12.13&de=2019.12.13&mynews=0&office_type=0&office_section_code=0&news_office_checked=&nso=so:dd,p:from20200305to20210305,a:all&start=41> (referer: None)
2022-11-09 20:04:19 [scrapy.crawler] INFO: Received SIGINT, shutting down gracefully. Send again to force 
2022-11-09 20:04:19 [scrapy.core.engine] INFO: Closing spider (shutdown)
2022-11-09 20:04:19 [scrapy.core.engine] DEBUG: Crawled (200) <GET https://search.naver.com/search.naver?where=news&sm=tab_pge&query=%22%EC%84%9D%EC%A0%95%EB%AF%B8%EB%94%94%EC%96%B4%22&sort=1&photo=0&field=0&pd=3&ds=2018.12.13&de=2019.12.13&mynews=0&office_type=0&office_section_code=0&news_office_checked=&nso=so:dd,p:from20200305to20210305,a:all&start=51> (referer: None)
2022-11-09 20:04:21 [scrapy.core.engine] DEBUG: Crawled (200) <GET https://search.naver.com/search.naver?where=news&sm=tab_pge&query=%22%EC%84%9D%EC%A0%95%EB%AF%B8%EB%94%94%EC%96%B4%22&sort=1&photo=0&field=0&pd=3&ds=2018.12.13&de=2019.12.13&mynews=0&office_type=0&office_section_code=0&news_office_checked=&nso=so:dd,p:from20200305to20210305,a:all&start=61> (referer: None)
2022-11-09 20:04:22 [scrapy.core.engine] DEBUG: Crawled (200) <GET https://search.naver.com/search.naver?where=news&sm=tab_pge&query=%22%EC%84%9D%EC%A0%95%EB%AF%B8%EB%94%94%EC%96%B4%22&sort=1&photo=0&field=0&pd=3&ds=2018.12.13&de=2019.12.13&mynews=0&office_type=0&office_section_code=0&news_office_checked=&nso=so:dd,p:from20200305to20210305,a:all&start=71> (referer: None)
2022-11-09 20:04:23 [scrapy.core.engine] DEBUG: Crawled (200) <GET https://search.naver.com/search.naver?where=news&sm=tab_pge&query=%22%EC%84%9D%EC%A0%95%EB%AF%B8%EB%94%94%EC%96%B4%22&sort=1&photo=0&field=0&pd=3&ds=2018.12.13&de=2019.12.13&mynews=0&office_type=0&office_section_code=0&news_office_checked=&nso=so:dd,p:from20200305to20210305,a:all&start=81> (referer: None)
2022-11-09 20:04:24 [scrapy.core.engine] DEBUG: Crawled (200) <GET https://search.naver.com/search.naver?where=news&sm=tab_pge&query=%22%EC%84%9D%EC%A0%95%EB%AF%B8%EB%94%94%EC%96%B4%22&sort=1&photo=0&field=0&pd=3&ds=2018.12.13&de=2019.12.13&mynews=0&office_type=0&office_section_code=0&news_office_checked=&nso=so:dd,p:from20200305to20210305,a:all&start=91> (referer: None)
2022-11-09 20:04:25 [scrapy.core.engine] DEBUG: Crawled (200) <GET https://search.naver.com/search.naver?where=news&sm=tab_pge&query=%22%EC%84%9D%EC%A0%95%EB%AF%B8%EB%94%94%EC%96%B4%22&sort=1&photo=0&field=0&pd=3&ds=2018.12.13&de=2019.12.13&mynews=0&office_type=0&office_section_code=0&news_office_checked=&nso=so:dd,p:from20200305to20210305,a:all&start=101> (referer: None)
2022-11-09 20:04:27 [scrapy.core.engine] DEBUG: Crawled (200) <GET https://search.naver.com/search.naver?where=news&sm=tab_pge&query=%22%EC%83%88%ED%95%9C%EC%8B%A4%EC%97%85%22&sort=1&photo=0&field=0&pd=3&ds=2020.05.31&de=2021.05.31&mynews=0&office_type=0&office_section_code=0&news_office_checked=&nso=so:dd,p:from20200305to20210305,a:all&start=01> (referer: None)
2022-11-09 20:04:28 [scrapy.core.engine] DEBUG: Crawled (200) <GET https://search.naver.com/search.naver?where=news&sm=tab_pge&query=%22%EC%83%88%ED%95%9C%EC%8B%A4%EC%97%85%22&sort=1&photo=0&field=0&pd=3&ds=2020.05.31&de=2021.05.31&mynews=0&office_type=0&office_section_code=0&news_office_checked=&nso=so:dd,p:from20200305to20210305,a:all&start=11> (referer: None)
2022-11-09 20:04:30 [scrapy.core.engine] DEBUG: Crawled (200) <GET https://search.naver.com/search.naver?where=news&sm=tab_pge&query=%22%EC%83%88%ED%95%9C%EC%8B%A4%EC%97%85%22&sort=1&photo=0&field=0&pd=3&ds=2020.05.31&de=2021.05.31&mynews=0&office_type=0&office_section_code=0&news_office_checked=&nso=so:dd,p:from20200305to20210305,a:all&start=21> (referer: None)
2022-11-09 20:04:33 [scrapy.core.engine] DEBUG: Crawled (200) <GET https://search.naver.com/search.naver?where=news&sm=tab_pge&query=%22%EC%83%88%ED%95%9C%EC%8B%A4%EC%97%85%22&sort=1&photo=0&field=0&pd=3&ds=2020.05.31&de=2021.05.31&mynews=0&office_type=0&office_section_code=0&news_office_checked=&nso=so:dd,p:from20200305to20210305,a:all&start=31> (referer: None)
2022-11-09 20:04:33 [scrapy.core.engine] DEBUG: Crawled (200) <GET https://search.naver.com/search.naver?where=news&sm=tab_pge&query=%22%EC%83%88%ED%95%9C%EC%8B%A4%EC%97%85%22&sort=1&photo=0&field=0&pd=3&ds=2020.05.31&de=2021.05.31&mynews=0&office_type=0&office_section_code=0&news_office_checked=&nso=so:dd,p:from20200305to20210305,a:all&start=41> (referer: None)
2022-11-09 20:04:33 [scrapy.core.engine] DEBUG: Crawled (200) <GET https://search.naver.com/search.naver?where=news&sm=tab_pge&query=%22%EC%83%88%ED%95%9C%EC%8B%A4%EC%97%85%22&sort=1&photo=0&field=0&pd=3&ds=2020.05.31&de=2021.05.31&mynews=0&office_type=0&office_section_code=0&news_office_checked=&nso=so:dd,p:from20200305to20210305,a:all&start=51> (referer: None)
2022-11-09 20:04:35 [scrapy.core.engine] DEBUG: Crawled (200) <GET https://search.naver.com/search.naver?where=news&sm=tab_pge&query=%22%EC%83%88%ED%95%9C%EC%8B%A4%EC%97%85%22&sort=1&photo=0&field=0&pd=3&ds=2020.05.31&de=2021.05.31&mynews=0&office_type=0&office_section_code=0&news_office_checked=&nso=so:dd,p:from20200305to20210305,a:all&start=61> (referer: None)
2022-11-09 20:04:36 [scrapy.core.engine] DEBUG: Crawled (200) <GET https://search.naver.com/search.naver?where=news&sm=tab_pge&query=%22%EC%83%88%ED%95%9C%EC%8B%A4%EC%97%85%22&sort=1&photo=0&field=0&pd=3&ds=2020.05.31&de=2021.05.31&mynews=0&office_type=0&office_section_code=0&news_office_checked=&nso=so:dd,p:from20200305to20210305,a:all&start=71> (referer: None)
2022-11-09 20:04:37 [scrapy.core.engine] DEBUG: Crawled (200) <GET https://search.naver.com/search.naver?where=news&sm=tab_pge&query=%22%EC%83%88%ED%95%9C%EC%8B%A4%EC%97%85%22&sort=1&photo=0&field=0&pd=3&ds=2020.05.31&de=2021.05.31&mynews=0&office_type=0&office_section_code=0&news_office_checked=&nso=so:dd,p:from20200305to20210305,a:all&start=81> (referer: None)
2022-11-09 20:04:39 [scrapy.core.engine] DEBUG: Crawled (200) <GET https://search.naver.com/search.naver?where=news&sm=tab_pge&query=%22%EC%83%88%ED%95%9C%EC%8B%A4%EC%97%85%22&sort=1&photo=0&field=0&pd=3&ds=2020.05.31&de=2021.05.31&mynews=0&office_type=0&office_section_code=0&news_office_checked=&nso=so:dd,p:from20200305to20210305,a:all&start=91> (referer: None)
2022-11-09 20:04:39 [scrapy.statscollectors] INFO: Dumping Scrapy stats:
{'downloader/request_bytes': 23470,
 'downloader/request_count': 43,
 'downloader/request_method_count/GET': 43,
 'downloader/response_bytes': 2205736,
 'downloader/response_count': 43,
 'downloader/response_status_count/200': 43,
 'elapsed_time_seconds': 52.412942,
 'finish_reason': 'shutdown',
 'finish_time': datetime.datetime(2022, 11, 9, 11, 4, 39, 395379),
 'httpcompression/response_bytes': 10537576,
 'httpcompression/response_count': 43,
 'item_scraped_count': 10,
 'log_count/DEBUG': 62,
 'log_count/INFO': 11,
 'response_received_count': 43,
 'scheduler/dequeued': 43,
 'scheduler/dequeued/memory': 43,
 'scheduler/enqueued': 43,
 'scheduler/enqueued/memory': 43,
 'start_time': datetime.datetime(2022, 11, 9, 11, 3, 46, 982437)}
2022-11-09 20:04:39 [scrapy.core.engine] INFO: Spider closed (shutdown)
